[2023-03-29 16:06:07][3] Processing: App\Jobs\SendSubmissionCreatedMail
[2023-03-29 16:06:09][3] Processed:  App\Jobs\SendSubmissionCreatedMail
[2023-03-29 17:03:41][4] Processing: App\Jobs\UploadFileS3
[2023-03-29 17:03:43][4] Processed:  App\Jobs\UploadFileS3
[2023-03-29 17:03:43][5] Processing: App\Jobs\SendDocumentUploadedMail
[2023-03-29 17:03:44][5] Processed:  App\Jobs\SendDocumentUploadedMail
[2023-03-29 17:47:28][6] Processing: App\Jobs\UploadSubmissionDocument
[2023-03-29 17:47:32][6] Processed:  App\Jobs\UploadSubmissionDocument
[2023-03-29 17:47:32][7] Processing: App\Jobs\SendDocumentApprovedMail
[2023-03-29 17:47:34][7] Processed:  App\Jobs\SendDocumentApprovedMail
[2023-04-11 13:09:55][8] Processing: App\Jobs\SendSubmissionCreatedMail
[2023-04-11 13:09:57][8] Processed:  App\Jobs\SendSubmissionCreatedMail
[2023-04-11 13:09:57][9] Processing: App\Jobs\UploadFileS3
[2023-04-11 13:10:00][9] Processed:  App\Jobs\UploadFileS3
[2023-04-11 13:11:18][10] Processing: App\Jobs\UploadFileS3
[2023-04-11 13:11:19][10] Processed:  App\Jobs\UploadFileS3
[2023-04-11 13:11:19][11] Processing: App\Jobs\SendDocumentUploadedMail
[2023-04-11 13:11:20][11] Processed:  App\Jobs\SendDocumentUploadedMail
[2023-04-11 13:11:38][12] Processing: App\Jobs\UploadSubmissionDocument
[2023-04-11 13:11:42][12] Processed:  App\Jobs\UploadSubmissionDocument
[2023-04-11 13:11:42][13] Processing: App\Jobs\SendDocumentApprovedMail
[2023-04-11 13:11:44][13] Processed:  App\Jobs\SendDocumentApprovedMail
[2023-04-11 13:44:16][14] Processing: App\Jobs\UploadFileS3
[2023-04-11 13:44:17][14] Processed:  App\Jobs\UploadFileS3
[2023-04-11 13:44:17][15] Processing: App\Jobs\UploadSubmissionDocument
[2023-04-11 13:44:20][15] Processed:  App\Jobs\UploadSubmissionDocument
[2023-04-11 13:44:20][16] Processing: App\Jobs\SendDocumentUploadedMail
[2023-04-11 13:44:21][16] Processed:  App\Jobs\SendDocumentUploadedMail
[2023-04-11 13:45:30][17] Processing: App\Jobs\SendSubmissionCreatedMail
[2023-04-11 13:45:33][17] Processed:  App\Jobs\SendSubmissionCreatedMail
[2023-04-11 13:45:33][18] Processing: App\Jobs\UploadFileS3
[2023-04-11 13:45:34][18] Processed:  App\Jobs\UploadFileS3
[2023-04-11 13:45:43][19] Processing: App\Jobs\UploadFileS3
[2023-04-11 13:45:44][19] Processed:  App\Jobs\UploadFileS3
[2023-04-11 13:45:44][20] Processing: App\Jobs\SendDocumentUploadedMail
[2023-04-11 13:45:45][20] Processed:  App\Jobs\SendDocumentUploadedMail
[2023-04-11 13:45:57][21] Processing: App\Jobs\UploadSubmissionDocument
[2023-04-11 13:46:00][21] Processed:  App\Jobs\UploadSubmissionDocument
[2023-04-11 13:46:00][22] Processing: App\Jobs\SendDocumentApprovedMail
[2023-04-11 13:46:02][22] Processed:  App\Jobs\SendDocumentApprovedMail
[2023-04-11 13:57:42][23] Processing: App\Jobs\UploadSubmissionDocument
[2023-04-11 13:57:46][23] Processed:  App\Jobs\UploadSubmissionDocument
[2023-04-11 13:57:46][24] Processing: App\Jobs\SendDocumentApprovedMail
[2023-04-11 13:57:49][24] Processed:  App\Jobs\SendDocumentApprovedMail
[2023-04-11 13:59:34][25] Processing: App\Jobs\UploadSubmissionDocument
[2023-04-11 13:59:37][25] Processed:  App\Jobs\UploadSubmissionDocument
[2023-04-11 13:59:37][26] Processing: App\Jobs\SendDocumentApprovedMail
[2023-04-11 13:59:39][26] Processed:  App\Jobs\SendDocumentApprovedMail
[2023-04-11 14:13:58][27] Processing: App\Jobs\UploadSubmissionDocument
[2023-04-11 14:14:00][27] Failed:     App\Jobs\UploadSubmissionDocument
[2023-04-11 14:14:01][28] Processing: App\Jobs\SendDocumentApprovedMail
[2023-04-11 14:14:04][28] Processed:  App\Jobs\SendDocumentApprovedMail
[2023-04-11 19:07:38][29] Processing: App\Jobs\SendSubmissionCreatedMail
[2023-04-11 19:07:40][29] Processed:  App\Jobs\SendSubmissionCreatedMail
[2023-04-11 19:09:25][30] Processing: App\Jobs\UploadFileS3
[2023-04-11 19:09:27][30] Processed:  App\Jobs\UploadFileS3
[2023-04-11 19:09:27][31] Processing: App\Jobs\SendDocumentUploadedMail
[2023-04-11 19:09:28][31] Processed:  App\Jobs\SendDocumentUploadedMail
[2023-04-11 19:09:55][32] Processing: App\Jobs\UploadSubmissionDocument
[2023-04-11 19:09:57][32] Failed:     App\Jobs\UploadSubmissionDocument
[2023-04-11 19:09:57][33] Processing: App\Jobs\SendDocumentApprovedMail
[2023-04-11 19:10:00][33] Processed:  App\Jobs\SendDocumentApprovedMail
[2023-04-11 19:13:57][34] Processing: App\Jobs\UploadSubmissionDocument
[2023-04-11 19:14:00][34] Failed:     App\Jobs\UploadSubmissionDocument
[2023-04-11 19:14:00][35] Processing: App\Jobs\SendDocumentApprovedMail
[2023-04-11 19:14:03][35] Processed:  App\Jobs\SendDocumentApprovedMail
[2023-04-11 19:25:10][36] Processing: App\Jobs\UploadSubmissionDocument
[2023-04-11 19:25:12][36] Failed:     App\Jobs\UploadSubmissionDocument
[2023-04-11 19:25:12][37] Processing: App\Jobs\SendDocumentApprovedMail
[2023-04-11 19:25:14][37] Processed:  App\Jobs\SendDocumentApprovedMail
[2023-04-11 21:55:29][38] Processing: App\Jobs\UploadSubmissionDocument
[2023-04-11 21:55:32][38] Failed:     App\Jobs\UploadSubmissionDocument
[2023-04-11 21:55:32][39] Processing: App\Jobs\SendDocumentApprovedMail
[2023-04-11 21:55:35][39] Processed:  App\Jobs\SendDocumentApprovedMail
[2023-04-12 14:51:04][40] Processing: App\Jobs\UploadSubmissionDocument
[2023-04-12 14:51:07][40] Failed:     App\Jobs\UploadSubmissionDocument
[2023-04-12 14:51:07][41] Processing: App\Jobs\UploadSubmissionDocument
[2023-04-12 14:51:09][41] Failed:     App\Jobs\UploadSubmissionDocument
[2023-04-12 14:51:09][42] Processing: App\Jobs\UploadSubmissionDocument
[2023-04-12 14:51:09][42] Failed:     App\Jobs\UploadSubmissionDocument
[2023-04-12 14:51:10][43] Processing: App\Jobs\UploadSubmissionDocument
[2023-04-12 14:51:10][43] Failed:     App\Jobs\UploadSubmissionDocument
[2023-04-12 14:51:10][44] Processing: App\Jobs\UploadSubmissionDocument
[2023-04-12 14:51:11][44] Failed:     App\Jobs\UploadSubmissionDocument
[2023-04-12 14:51:11][45] Processing: App\Jobs\UploadSubmissionDocument
[2023-04-12 14:51:12][45] Failed:     App\Jobs\UploadSubmissionDocument
[2023-04-12 14:51:12][46] Processing: App\Jobs\UploadSubmissionDocument
[2023-04-12 14:51:12][46] Failed:     App\Jobs\UploadSubmissionDocument
[2023-04-12 14:51:12][47] Processing: App\Jobs\UploadSubmissionDocument
[2023-04-12 14:51:13][47] Failed:     App\Jobs\UploadSubmissionDocument
[2023-04-12 14:51:13][48] Processing: App\Jobs\UploadSubmissionDocument
[2023-04-12 14:51:14][48] Failed:     App\Jobs\UploadSubmissionDocument
[2023-04-12 14:51:14][49] Processing: App\Jobs\UploadSubmissionDocument
[2023-04-12 14:51:16][49] Failed:     App\Jobs\UploadSubmissionDocument
[2023-04-12 14:51:16][50] Processing: App\Jobs\UploadSubmissionDocument
[2023-04-12 14:51:17][50] Failed:     App\Jobs\UploadSubmissionDocument
[2023-04-12 14:51:17][51] Processing: App\Jobs\UploadSubmissionDocument
[2023-04-12 14:51:18][51] Failed:     App\Jobs\UploadSubmissionDocument
[2023-04-12 14:51:18][52] Processing: App\Jobs\UploadSubmissionDocument
[2023-04-12 14:51:19][52] Failed:     App\Jobs\UploadSubmissionDocument
[2023-04-12 14:51:19][53] Processing: App\Jobs\UploadSubmissionDocument
[2023-04-12 14:51:19][53] Failed:     App\Jobs\UploadSubmissionDocument
[2023-04-12 14:51:19][54] Processing: App\Jobs\UploadSubmissionDocument
[2023-04-12 14:51:21][54] Failed:     App\Jobs\UploadSubmissionDocument
[2023-04-12 14:51:21][55] Processing: App\Jobs\UploadSubmissionDocument
[2023-04-12 14:51:21][55] Failed:     App\Jobs\UploadSubmissionDocument
[2023-04-12 14:51:21][56] Processing: App\Jobs\UploadSubmissionDocument
[2023-04-12 14:51:22][56] Failed:     App\Jobs\UploadSubmissionDocument
[2023-04-12 14:51:22][57] Processing: App\Jobs\UploadSubmissionDocument
[2023-04-12 14:51:23][57] Failed:     App\Jobs\UploadSubmissionDocument
[2023-04-12 14:51:23][58] Processing: App\Jobs\UploadSubmissionDocument
[2023-04-12 14:51:24][58] Failed:     App\Jobs\UploadSubmissionDocument
[2023-04-12 14:51:24][59] Processing: App\Jobs\UploadSubmissionDocument
[2023-04-12 14:51:24][59] Failed:     App\Jobs\UploadSubmissionDocument
[2023-04-12 14:51:24][60] Processing: App\Jobs\UploadSubmissionDocument
[2023-04-12 14:51:25][60] Failed:     App\Jobs\UploadSubmissionDocument
[2023-04-12 14:51:25][61] Processing: App\Jobs\UploadSubmissionDocument
[2023-04-12 14:51:26][61] Failed:     App\Jobs\UploadSubmissionDocument
[2023-04-12 14:52:50][62] Processing: App\Jobs\UploadSubmissionDocument
[2023-04-12 14:52:51][62] Failed:     App\Jobs\UploadSubmissionDocument
[2023-04-12 14:52:51][63] Processing: App\Jobs\UploadSubmissionDocument
[2023-04-12 14:52:52][63] Failed:     App\Jobs\UploadSubmissionDocument
[2023-04-12 14:52:52][64] Processing: App\Jobs\UploadSubmissionDocument
[2023-04-12 14:52:53][64] Failed:     App\Jobs\UploadSubmissionDocument
[2023-04-12 14:52:53][65] Processing: App\Jobs\UploadSubmissionDocument
[2023-04-12 14:52:54][65] Failed:     App\Jobs\UploadSubmissionDocument
[2023-04-12 14:52:54][66] Processing: App\Jobs\UploadSubmissionDocument
[2023-04-12 14:52:54][66] Failed:     App\Jobs\UploadSubmissionDocument
[2023-04-12 14:52:54][67] Processing: App\Jobs\UploadSubmissionDocument
[2023-04-12 14:52:55][67] Failed:     App\Jobs\UploadSubmissionDocument
[2023-04-12 14:52:55][68] Processing: App\Jobs\UploadSubmissionDocument
[2023-04-12 14:52:56][68] Failed:     App\Jobs\UploadSubmissionDocument
[2023-04-12 14:52:56][69] Processing: App\Jobs\UploadSubmissionDocument
[2023-04-12 14:52:57][69] Failed:     App\Jobs\UploadSubmissionDocument
[2023-04-12 14:52:57][70] Processing: App\Jobs\UploadSubmissionDocument
[2023-04-12 14:52:58][70] Failed:     App\Jobs\UploadSubmissionDocument
[2023-04-12 14:52:58][71] Processing: App\Jobs\UploadSubmissionDocument
[2023-04-12 14:52:58][71] Failed:     App\Jobs\UploadSubmissionDocument
[2023-04-12 14:52:58][72] Processing: App\Jobs\UploadSubmissionDocument
[2023-04-12 14:52:59][72] Failed:     App\Jobs\UploadSubmissionDocument
[2023-04-12 14:52:59][73] Processing: App\Jobs\UploadSubmissionDocument
[2023-04-12 14:53:00][73] Failed:     App\Jobs\UploadSubmissionDocument
[2023-04-12 14:53:00][74] Processing: App\Jobs\UploadSubmissionDocument
[2023-04-12 14:53:01][74] Failed:     App\Jobs\UploadSubmissionDocument
[2023-04-12 14:53:01][75] Processing: App\Jobs\UploadSubmissionDocument
[2023-04-12 14:53:01][75] Failed:     App\Jobs\UploadSubmissionDocument
[2023-04-12 14:53:01][76] Processing: App\Jobs\UploadSubmissionDocument
[2023-04-12 14:53:02][76] Failed:     App\Jobs\UploadSubmissionDocument
[2023-04-12 14:53:02][77] Processing: App\Jobs\UploadSubmissionDocument
[2023-04-12 14:53:03][77] Failed:     App\Jobs\UploadSubmissionDocument
[2023-04-12 14:53:03][78] Processing: App\Jobs\UploadSubmissionDocument
[2023-04-12 14:53:03][78] Failed:     App\Jobs\UploadSubmissionDocument
[2023-04-12 14:53:03][79] Processing: App\Jobs\UploadSubmissionDocument
[2023-04-12 14:53:04][79] Failed:     App\Jobs\UploadSubmissionDocument
[2023-04-12 14:53:04][80] Processing: App\Jobs\UploadSubmissionDocument
[2023-04-12 14:53:05][80] Failed:     App\Jobs\UploadSubmissionDocument
[2023-04-12 14:53:05][81] Processing: App\Jobs\UploadSubmissionDocument
[2023-04-12 14:53:05][81] Failed:     App\Jobs\UploadSubmissionDocument
[2023-04-12 14:53:06][82] Processing: App\Jobs\UploadSubmissionDocument
[2023-04-12 14:53:06][82] Failed:     App\Jobs\UploadSubmissionDocument
[2023-04-12 14:53:06][83] Processing: App\Jobs\UploadSubmissionDocument
[2023-04-12 14:53:07][83] Failed:     App\Jobs\UploadSubmissionDocument
[2023-04-12 14:55:37][84] Processing: App\Jobs\UploadSubmissionDocument
[2023-04-12 14:55:39][84] Failed:     App\Jobs\UploadSubmissionDocument
[2023-04-12 14:55:39][85] Processing: App\Jobs\UploadSubmissionDocument
[2023-04-12 14:55:41][85] Failed:     App\Jobs\UploadSubmissionDocument
[2023-04-12 14:55:41][86] Processing: App\Jobs\UploadSubmissionDocument
[2023-04-12 14:55:42][86] Failed:     App\Jobs\UploadSubmissionDocument
[2023-04-12 14:55:42][87] Processing: App\Jobs\UploadSubmissionDocument
[2023-04-12 14:55:43][87] Failed:     App\Jobs\UploadSubmissionDocument
[2023-04-12 14:55:43][88] Processing: App\Jobs\UploadSubmissionDocument
[2023-04-12 14:55:44][88] Failed:     App\Jobs\UploadSubmissionDocument
[2023-04-12 14:55:44][89] Processing: App\Jobs\UploadSubmissionDocument
[2023-04-12 14:55:44][89] Failed:     App\Jobs\UploadSubmissionDocument
[2023-04-12 14:55:44][90] Processing: App\Jobs\UploadSubmissionDocument
[2023-04-12 14:55:45][90] Failed:     App\Jobs\UploadSubmissionDocument
[2023-04-12 14:55:45][91] Processing: App\Jobs\UploadSubmissionDocument
[2023-04-12 14:55:46][91] Failed:     App\Jobs\UploadSubmissionDocument
[2023-04-12 14:55:46][92] Processing: App\Jobs\UploadSubmissionDocument
[2023-04-12 14:55:48][92] Failed:     App\Jobs\UploadSubmissionDocument
[2023-04-12 14:55:48][93] Processing: App\Jobs\UploadSubmissionDocument
[2023-04-12 14:55:49][93] Failed:     App\Jobs\UploadSubmissionDocument
[2023-04-12 14:55:49][94] Processing: App\Jobs\UploadSubmissionDocument
[2023-04-12 14:55:51][94] Failed:     App\Jobs\UploadSubmissionDocument
[2023-04-12 14:55:51][95] Processing: App\Jobs\UploadSubmissionDocument
[2023-04-12 14:55:52][95] Failed:     App\Jobs\UploadSubmissionDocument
[2023-04-12 14:55:52][96] Processing: App\Jobs\UploadSubmissionDocument
[2023-04-12 14:55:53][96] Failed:     App\Jobs\UploadSubmissionDocument
[2023-04-12 14:55:53][97] Processing: App\Jobs\UploadSubmissionDocument
[2023-04-12 14:55:53][97] Failed:     App\Jobs\UploadSubmissionDocument
[2023-04-12 14:55:53][98] Processing: App\Jobs\UploadSubmissionDocument
[2023-04-12 14:55:55][98] Failed:     App\Jobs\UploadSubmissionDocument
[2023-04-12 14:55:55][99] Processing: App\Jobs\UploadSubmissionDocument
[2023-04-12 14:55:55][99] Failed:     App\Jobs\UploadSubmissionDocument
[2023-04-12 14:55:56][100] Processing: App\Jobs\UploadSubmissionDocument
[2023-04-12 14:55:56][100] Failed:     App\Jobs\UploadSubmissionDocument
[2023-04-12 14:55:56][101] Processing: App\Jobs\UploadSubmissionDocument
[2023-04-12 14:55:57][101] Failed:     App\Jobs\UploadSubmissionDocument
[2023-04-12 14:55:57][102] Processing: App\Jobs\UploadSubmissionDocument
[2023-04-12 14:55:57][102] Failed:     App\Jobs\UploadSubmissionDocument
[2023-04-12 14:55:58][103] Processing: App\Jobs\UploadSubmissionDocument
[2023-04-12 14:55:58][103] Failed:     App\Jobs\UploadSubmissionDocument
[2023-04-12 14:55:58][104] Processing: App\Jobs\UploadSubmissionDocument
[2023-04-12 14:55:59][104] Failed:     App\Jobs\UploadSubmissionDocument
[2023-04-12 14:55:59][105] Processing: App\Jobs\UploadSubmissionDocument
[2023-04-12 14:56:00][105] Failed:     App\Jobs\UploadSubmissionDocument
[2023-04-12 14:59:06][106] Processing: App\Jobs\UploadSubmissionDocument
[2023-04-12 14:59:08][106] Failed:     App\Jobs\UploadSubmissionDocument
[2023-04-12 14:59:08][107] Processing: App\Jobs\UploadSubmissionDocument
[2023-04-12 14:59:10][107] Failed:     App\Jobs\UploadSubmissionDocument
[2023-04-12 14:59:10][108] Processing: App\Jobs\UploadSubmissionDocument
[2023-04-12 14:59:11][108] Failed:     App\Jobs\UploadSubmissionDocument
[2023-04-12 14:59:11][109] Processing: App\Jobs\UploadSubmissionDocument
[2023-04-12 14:59:12][109] Failed:     App\Jobs\UploadSubmissionDocument
[2023-04-12 14:59:12][110] Processing: App\Jobs\UploadSubmissionDocument
[2023-04-12 14:59:12][110] Failed:     App\Jobs\UploadSubmissionDocument
[2023-04-12 14:59:12][111] Processing: App\Jobs\UploadSubmissionDocument
[2023-04-12 14:59:13][111] Failed:     App\Jobs\UploadSubmissionDocument
[2023-04-12 14:59:13][112] Processing: App\Jobs\UploadSubmissionDocument
[2023-04-12 14:59:14][112] Failed:     App\Jobs\UploadSubmissionDocument
[2023-04-12 14:59:14][113] Processing: App\Jobs\UploadSubmissionDocument
[2023-04-12 14:59:15][113] Failed:     App\Jobs\UploadSubmissionDocument
[2023-04-12 14:59:15][114] Processing: App\Jobs\UploadSubmissionDocument
[2023-04-12 14:59:16][114] Failed:     App\Jobs\UploadSubmissionDocument
[2023-04-12 14:59:16][115] Processing: App\Jobs\UploadSubmissionDocument
[2023-04-12 14:59:17][115] Failed:     App\Jobs\UploadSubmissionDocument
[2023-04-12 14:59:17][116] Processing: App\Jobs\UploadSubmissionDocument
[2023-04-12 14:59:19][116] Failed:     App\Jobs\UploadSubmissionDocument
[2023-04-12 14:59:19][117] Processing: App\Jobs\UploadSubmissionDocument
[2023-04-12 14:59:19][117] Failed:     App\Jobs\UploadSubmissionDocument
[2023-04-12 14:59:19][118] Processing: App\Jobs\UploadSubmissionDocument
[2023-04-12 14:59:20][118] Failed:     App\Jobs\UploadSubmissionDocument
[2023-04-12 14:59:20][119] Processing: App\Jobs\UploadSubmissionDocument
[2023-04-12 14:59:21][119] Failed:     App\Jobs\UploadSubmissionDocument
[2023-04-12 14:59:21][120] Processing: App\Jobs\UploadSubmissionDocument
[2023-04-12 14:59:22][120] Failed:     App\Jobs\UploadSubmissionDocument
[2023-04-12 14:59:22][121] Processing: App\Jobs\UploadSubmissionDocument
[2023-04-12 14:59:23][121] Failed:     App\Jobs\UploadSubmissionDocument
[2023-04-12 14:59:23][122] Processing: App\Jobs\UploadSubmissionDocument
[2023-04-12 14:59:24][122] Failed:     App\Jobs\UploadSubmissionDocument
[2023-04-12 14:59:24][123] Processing: App\Jobs\UploadSubmissionDocument
[2023-04-12 14:59:24][123] Failed:     App\Jobs\UploadSubmissionDocument
[2023-04-12 14:59:24][124] Processing: App\Jobs\UploadSubmissionDocument
[2023-04-12 14:59:25][124] Failed:     App\Jobs\UploadSubmissionDocument
[2023-04-12 14:59:25][125] Processing: App\Jobs\UploadSubmissionDocument
[2023-04-12 14:59:26][125] Failed:     App\Jobs\UploadSubmissionDocument
[2023-04-12 14:59:26][126] Processing: App\Jobs\UploadSubmissionDocument
[2023-04-12 14:59:26][126] Failed:     App\Jobs\UploadSubmissionDocument
[2023-04-12 14:59:26][127] Processing: App\Jobs\UploadSubmissionDocument
[2023-04-12 14:59:27][127] Failed:     App\Jobs\UploadSubmissionDocument
