[2023-03-21 14:45:49][12] Processing: App\Jobs\UploadSubmissionDocument
[2023-03-21 14:45:54][12] Processed:  App\Jobs\UploadSubmissionDocument
[2023-03-21 14:45:54][13] Processing: App\Jobs\SendDocumentApprovedMail
[2023-03-21 14:45:56][13] Processed:  App\Jobs\SendDocumentApprovedMail
[2023-03-21 14:45:56][14] Processing: App\Jobs\UploadSubmissionDocument
[2023-03-21 14:46:01][14] Processed:  App\Jobs\UploadSubmissionDocument
[2023-03-21 14:46:01][15] Processing: App\Jobs\SendDocumentApprovedMail
[2023-03-21 14:46:03][15] Processed:  App\Jobs\SendDocumentApprovedMail
[2023-03-21 14:46:03][16] Processing: App\Jobs\UploadSubmissionDocument
[2023-03-21 14:46:08][16] Processed:  App\Jobs\UploadSubmissionDocument
[2023-03-21 14:46:09][17] Processing: App\Jobs\SendDocumentApprovedMail
[2023-03-21 14:46:10][17] Processed:  App\Jobs\SendDocumentApprovedMail
[2023-03-21 14:48:01][18] Processing: App\Jobs\UploadSubmissionDocument
[2023-03-21 14:48:06][18] Processed:  App\Jobs\UploadSubmissionDocument
[2023-03-21 14:48:07][19] Processing: App\Jobs\SendDocumentApprovedMail
[2023-03-21 14:48:08][19] Processed:  App\Jobs\SendDocumentApprovedMail

   Symfony\Component\Process\Exception\ProcessTimedOutException 

  The process "'/usr/bin/php7.4' 'artisan' 'queue:work' '--once' '--name=default' '--queue=default' '--backoff=0' '--memory=128' '--sleep=3' '--tries=1'" exceeded the timeout of 60 seconds.

  at /home/gianluca/3syportal/v1.1/vendor/symfony/process/Process.php:1204
    1200▕ 
    1201▕         if (null !== $this->timeout && $this->timeout < microtime(true) - $this->starttime) {
    1202▕             $this->stop(0);
    1203▕ 
  ➜ 1204▕             throw new ProcessTimedOutException($this, ProcessTimedOutException::TYPE_GENERAL);
    1205▕         }
    1206▕ 
    1207▕         if (null !== $this->idleTimeout && $this->idleTimeout < microtime(true) - $this->lastOutputTime) {
    1208▕             $this->stop(0);

      [2m+18 vendor frames [22m
  19  /home/gianluca/3syportal/v1.1/artisan:37
      Illuminate\Foundation\Console\Kernel::handle()
[2023-03-21 19:46:49][20] Processing: App\Jobs\UploadSubmissionDocument
[2023-03-21 19:46:56][20] Processed:  App\Jobs\UploadSubmissionDocument
[2023-03-21 19:46:56][21] Processing: App\Jobs\SendDocumentApprovedMail
[2023-03-21 19:46:58][21] Processed:  App\Jobs\SendDocumentApprovedMail
[2023-03-22 16:29:06][22] Processing: App\Jobs\UploadFileS3
[2023-03-22 16:29:07][22] Processed:  App\Jobs\UploadFileS3
[2023-03-22 18:36:16][23] Processing: App\Jobs\UploadSubmissionDocument
[2023-03-22 18:36:21][23] Processed:  App\Jobs\UploadSubmissionDocument
[2023-03-22 18:37:18][24] Processing: App\Jobs\UploadSubmissionDocument
[2023-03-22 18:37:23][24] Processed:  App\Jobs\UploadSubmissionDocument
[2023-03-22 18:38:23][25] Processing: App\Jobs\UploadSubmissionDocument
[2023-03-22 18:38:28][25] Processed:  App\Jobs\UploadSubmissionDocument
[2023-03-22 18:38:28][26] Processing: App\Jobs\SendDocumentApprovedMail
[2023-03-22 18:38:31][26] Processed:  App\Jobs\SendDocumentApprovedMail
[2023-03-22 18:54:37][27] Processing: App\Jobs\UploadFileS3
[2023-03-22 18:54:38][27] Processed:  App\Jobs\UploadFileS3
[2023-03-22 18:54:39][28] Processing: App\Jobs\SendDocumentUploadedMail
[2023-03-22 18:54:40][28] Processed:  App\Jobs\SendDocumentUploadedMail
[2023-03-22 18:56:47][29] Processing: App\Jobs\UploadFileS3
[2023-03-22 18:56:49][29] Processed:  App\Jobs\UploadFileS3
[2023-03-22 18:56:49][30] Processing: App\Jobs\SendDocumentUploadedMail
[2023-03-22 18:56:50][30] Processed:  App\Jobs\SendDocumentUploadedMail
[2023-03-23 18:00:21][31] Processing: App\Jobs\UploadFileS3
[2023-03-23 18:00:22][31] Processed:  App\Jobs\UploadFileS3
[2023-03-23 18:00:22][32] Processing: App\Jobs\SendDocumentUploadedMail
[2023-03-23 18:00:24][32] Processed:  App\Jobs\SendDocumentUploadedMail
[2023-03-23 18:00:24][33] Processing: App\Jobs\UploadSubmissionDocument
PHP Fatal error:  Constant expression contains invalid operations in /home/gianluca/3syportal/v1.1/app/Http/Controllers/GoogleDriveController.php on line 11

   Symfony\Component\ErrorHandler\Error\FatalError 

  Constant expression contains invalid operations

  at app/Http/Controllers/GoogleDriveController.php:11
      7▕ use Illuminate\Http\Request;
      8▕ 
      9▕ class GoogleDriveController extends Controller
     10▕ {
  ➜  11▕     protected $ClientId     = env("GOOGLE_DRIVE_CLIENT_ID")/*'843381078994-qhrd02ecu7das6p3jkvla9h32je1gkpv.apps.googleusercontent.com'*/;
     12▕     protected $ClientSecret = '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';
     13▕     protected $refreshToken = '1//04Xsv2Vhx4xsDCgYIARAAGAQSNwF-L9Ir3aPJGbOkV7TyLiCRrIgzWVJuvTGs4k602iOdqMFDp8noaCx5d-xHayZcgd9zSwQrCrw';
     14▕     protected $rootFolderId = '1Q2s8LsvyYz6e9hm-L6bKMXYcqT7FQv3b';
     15▕


   Whoops\Exception\ErrorException 

  Constant expression contains invalid operations

  at app/Http/Controllers/GoogleDriveController.php:11
      7▕ use Illuminate\Http\Request;
      8▕ 
      9▕ class GoogleDriveController extends Controller
     10▕ {
  ➜  11▕     protected $ClientId     = env("GOOGLE_DRIVE_CLIENT_ID")/*'843381078994-qhrd02ecu7das6p3jkvla9h32je1gkpv.apps.googleusercontent.com'*/;
     12▕     protected $ClientSecret = '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';
     13▕     protected $refreshToken = '1//04Xsv2Vhx4xsDCgYIARAAGAQSNwF-L9Ir3aPJGbOkV7TyLiCRrIgzWVJuvTGs4k602iOdqMFDp8noaCx5d-xHayZcgd9zSwQrCrw';
     14▕     protected $rootFolderId = '1Q2s8LsvyYz6e9hm-L6bKMXYcqT7FQv3b';
     15▕

      [2m+1 vendor frames [22m
  2   [internal]:0
      Whoops\Run::handleShutdown()
[2023-03-23 18:00:25][34] Processing: App\Jobs\SendDocumentApprovedMail
[2023-03-23 18:00:30][34] Processed:  App\Jobs\SendDocumentApprovedMail
[2023-03-23 18:01:56][33] Processing: App\Jobs\UploadSubmissionDocument
[2023-03-23 18:01:56][33] Failed:     App\Jobs\UploadSubmissionDocument
[2023-03-23 18:04:28][35] Processing: App\Jobs\UploadFileS3
[2023-03-23 18:04:29][35] Processed:  App\Jobs\UploadFileS3
[2023-03-23 18:04:30][36] Processing: App\Jobs\SendDocumentUploadedMail
[2023-03-23 18:04:31][36] Processed:  App\Jobs\SendDocumentUploadedMail
[2023-03-23 18:04:38][37] Processing: App\Jobs\UploadSubmissionDocument
[2023-03-23 18:04:44][37] Processed:  App\Jobs\UploadSubmissionDocument
[2023-03-23 18:04:44][38] Processing: App\Jobs\SendDocumentApprovedMail
[2023-03-23 18:04:50][38] Processed:  App\Jobs\SendDocumentApprovedMail
[2023-03-23 18:09:28][39] Processing: App\Jobs\UploadSubmissionDocument
PHP Fatal error:  Constant expression contains invalid operations in /home/gianluca/3syportal/v1.1/app/Http/Controllers/GoogleDriveController.php on line 11

   Symfony\Component\ErrorHandler\Error\FatalError 

  Constant expression contains invalid operations

  at app/Http/Controllers/GoogleDriveController.php:11
      7▕ use Illuminate\Http\Request;
      8▕ 
      9▕ class GoogleDriveController extends Controller
     10▕ {
  ➜  11▕     private $ClientId     =env("GOOGLE_DRIVE_CLIENT_ID")/*'843381078994-qhrd02ecu7das6p3jkvla9h32je1gkpv.apps.googleusercontent.com'*/;
     12▕     protected $ClientSecret = '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';
     13▕     protected $refreshToken = '1//04Xsv2Vhx4xsDCgYIARAAGAQSNwF-L9Ir3aPJGbOkV7TyLiCRrIgzWVJuvTGs4k602iOdqMFDp8noaCx5d-xHayZcgd9zSwQrCrw';
     14▕     protected $rootFolderId = '1Q2s8LsvyYz6e9hm-L6bKMXYcqT7FQv3b';
     15▕


   Whoops\Exception\ErrorException 

  Constant expression contains invalid operations

  at app/Http/Controllers/GoogleDriveController.php:11
      7▕ use Illuminate\Http\Request;
      8▕ 
      9▕ class GoogleDriveController extends Controller
     10▕ {
  ➜  11▕     private $ClientId     =env("GOOGLE_DRIVE_CLIENT_ID")/*'843381078994-qhrd02ecu7das6p3jkvla9h32je1gkpv.apps.googleusercontent.com'*/;
     12▕     protected $ClientSecret = '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';
     13▕     protected $refreshToken = '1//04Xsv2Vhx4xsDCgYIARAAGAQSNwF-L9Ir3aPJGbOkV7TyLiCRrIgzWVJuvTGs4k602iOdqMFDp8noaCx5d-xHayZcgd9zSwQrCrw';
     14▕     protected $rootFolderId = '1Q2s8LsvyYz6e9hm-L6bKMXYcqT7FQv3b';
     15▕

      [2m+1 vendor frames [22m
  2   [internal]:0
      Whoops\Run::handleShutdown()
[2023-03-23 18:09:28][40] Processing: App\Jobs\SendDocumentApprovedMail
[2023-03-23 18:09:34][40] Processed:  App\Jobs\SendDocumentApprovedMail
[2023-03-23 18:10:59][39] Processing: App\Jobs\UploadSubmissionDocument
[2023-03-23 18:10:59][39] Failed:     App\Jobs\UploadSubmissionDocument
[2023-03-23 18:21:01][41] Processing: App\Jobs\UploadSubmissionDocument
[2023-03-23 18:21:07][41] Processed:  App\Jobs\UploadSubmissionDocument
[2023-03-23 18:21:07][42] Processing: App\Jobs\SendDocumentApprovedMail
[2023-03-23 18:21:13][42] Processed:  App\Jobs\SendDocumentApprovedMail
[2023-03-24 13:34:37][43] Processing: App\Jobs\SendSubmissionCreatedMail
[2023-03-24 13:34:38][43] Processed:  App\Jobs\SendSubmissionCreatedMail
[2023-03-24 13:41:18][44] Processing: App\Jobs\UploadFileS3
[2023-03-24 13:41:19][44] Processed:  App\Jobs\UploadFileS3
[2023-03-24 13:49:02][45] Processing: App\Jobs\SendSubmissionCreatedMail
[2023-03-24 13:49:03][45] Processed:  App\Jobs\SendSubmissionCreatedMail
[2023-03-24 14:12:28][46] Processing: App\Jobs\UploadFileS3
[2023-03-24 14:12:29][46] Processed:  App\Jobs\UploadFileS3
[2023-03-24 14:12:29][47] Processing: App\Jobs\SendDocumentUploadedMail
[2023-03-24 14:12:31][47] Processed:  App\Jobs\SendDocumentUploadedMail
